Build started 2013-02-24 04:32:35.
     1>Project "C:\Users\artur_000\documents\visual studio 2010\Projects\Teapot++\Teapot++\Teapot++.vcxproj" on node 2 (build target(s)).
     1>InitializeBuildStatus:
         Creating "Debug\Teapot++.unsuccessfulbuild" because "AlwaysCreate" was specified.
       ClCompile:
         C:\Program Files (x86)\Microsoft Visual Studio 10.0\VC\bin\CL.exe /c /ZI /nologo /W3 /WX- /Od /Oy- /D _MBCS /Gm /EHsc /RTC1 /MDd /GS /fp:precise /Zc:wchar_t /Zc:forScope /Fo"Debug\\" /Fd"Debug\vc100.pdb" /Gd /TP /analyze- /errorReport:prompt parser.cpp
         parser.cpp
     1>c:\users\artur_000\documents\visual studio 2010\projects\teapot++\teapot++\parser.cpp(53): warning C4018: '<' : signed/unsigned mismatch
       Link:
         C:\Program Files (x86)\Microsoft Visual Studio 10.0\VC\bin\link.exe /ERRORREPORT:PROMPT /OUT:"C:\Users\artur_000\documents\visual studio 2010\Projects\Teapot++\Debug\Teapot++.exe" /NOLOGO kernel32.lib user32.lib gdi32.lib winspool.lib comdlg32.lib advapi32.lib shell32.lib ole32.lib oleaut32.lib uuid.lib odbc32.lib odbccp32.lib /MANIFEST /ManifestFile:"Debug\Teapot++.exe.intermediate.manifest" /MANIFESTUAC:"level='asInvoker' uiAccess='false'" /DEBUG /PDB:"C:\Users\artur_000\documents\visual studio 2010\Projects\Teapot++\Debug\Teapot++.pdb" /TLBID:1 /DYNAMICBASE /NXCOMPAT /IMPLIB:"C:\Users\artur_000\documents\visual studio 2010\Projects\Teapot++\Debug\Teapot++.lib" /MACHINE:X86 Debug\main.obj
         Debug\parser.obj
         LINK : C:\Users\artur_000\documents\visual studio 2010\Projects\Teapot++\Debug\Teapot++.exe not found or not built by the last incremental link; performing full link
         Teapot++.vcxproj -> C:\Users\artur_000\documents\visual studio 2010\Projects\Teapot++\Debug\Teapot++.exe
       Manifest:
         C:\Program Files (x86)\Microsoft SDKs\Windows\v7.0A\bin\mt.exe /nologo /verbose /outputresource:"C:\Users\artur_000\documents\visual studio 2010\Projects\Teapot++\Debug\Teapot++.exe;#1" /manifest Debug\Teapot++.exe.intermediate.manifest
       FinalizeBuildStatus:
         Deleting file "Debug\Teapot++.unsuccessfulbuild".
         Touching "Debug\Teapot++.lastbuildstate".
     1>Done Building Project "C:\Users\artur_000\documents\visual studio 2010\Projects\Teapot++\Teapot++\Teapot++.vcxproj" (build target(s)).

Build succeeded.

Time Elapsed 00:00:01.35
